pipewire
pipewire-alsa
pipewire-audio
pipewire-jack
pipewire-pulse
gst-plugin-pipewire
wireplumber
networkmanager
network-manager-applet
bluez
bluez-utils
blueman
#sddm-git
qt5-wayland
qt6-wayland
qt5-quickcontrols
qt5-quickcontrols2
qt5-graphicaleffects
hyprland
dunst
#rofi-lbonn-wayland-git
rofi
waybar
swww
swaylock-effects-git
#wlogout
grimblast-git
hyprpicker-git
slurp
swappy
cliphist
polkit-kde-agent
xdg-desktop-portal-hyprland
pacman-contrib
jq
imagemagick
qt5-imageformats
ffmpegthumbs
brightnessctl
pavucontrol
pamixer
nwg-look
kvantum
qt5ct
firefox
kitty
neofetch
neovim
